SF:lib/src/entities/internal/internal_controller.dart
DA:5,4
DA:7,6
DA:9,1
DA:10,1
DA:11,1
DA:14,2
DA:15,6
DA:16,2
LF:8
LH:8
end_of_record
SF:lib/src/entities/internal/internal_detail.dart
DA:3,14
DA:9,3
DA:12,3
DA:13,1
DA:16,2
DA:17,4
LF:6
LH:6
end_of_record
SF:lib/src/entities/panel/panel_detail.dart
DA:5,5
DA:23,4
DA:26,4
DA:29,10
DA:36,2
DA:37,12
DA:39,3
DA:47,3
DA:48,1
DA:49,3
DA:50,3
DA:51,3
DA:52,3
DA:53,3
DA:56,3
DA:57,3
DA:58,3
DA:59,3
DA:60,3
DA:61,3
DA:62,3
DA:63,3
LF:22
LH:22
end_of_record
SF:lib/src/widgets/refresher_widget.dart
DA:4,1
DA:15,1
DA:16,1
DA:28,4
DA:30,1
DA:32,1
DA:34,4
DA:35,1
DA:36,6
DA:38,4
DA:39,4
DA:42,1
DA:44,4
DA:45,4
DA:47,1
DA:50,1
DA:52,1
DA:53,3
DA:54,4
DA:55,3
DA:56,1
DA:57,2
DA:58,2
DA:59,1
DA:60,1
DA:62,3
DA:63,1
DA:64,2
DA:67,4
DA:69,1
DA:70,1
DA:72,1
DA:74,1
DA:75,1
DA:76,1
DA:80,1
DA:81,1
DA:82,3
DA:83,3
DA:90,1
DA:91,5
DA:92,2
DA:93,4
DA:98,1
DA:99,2
DA:100,2
DA:101,1
DA:102,5
DA:107,1
DA:108,3
DA:109,1
DA:111,3
DA:112,1
DA:116,1
DA:117,4
DA:118,3
DA:120,4
DA:121,3
DA:125,6
DA:126,4
DA:127,1
DA:131,2
DA:134,1
DA:135,2
DA:136,1
DA:139,4
DA:141,2
DA:142,1
DA:143,1
DA:145,1
DA:149,1
DA:152,2
DA:154,1
DA:155,1
DA:162,1
DA:176,1
DA:178,1
DA:179,1
DA:180,1
DA:182,1
DA:184,3
DA:188,1
DA:189,1
DA:190,1
DA:192,1
DA:193,1
LF:86
LH:86
end_of_record
SF:lib/src/entities/panel/panel_delegate.dart
DA:6,2
DA:10,6
DA:12,6
DA:15,2
DA:16,2
DA:18,4
DA:21,4
DA:23,2
DA:25,2
DA:29,2
DA:30,2
DA:32,2
LF:12
LH:12
end_of_record
SF:lib/src/entities/panel/enums.dart
DA:14,4
DA:15,2
LF:2
LH:2
end_of_record
SF:lib/src/widgets/panel_widget.dart
DA:4,1
DA:37,1
DA:38,1
DA:58,1
DA:60,1
DA:62,1
DA:63,1
DA:64,1
DA:67,1
DA:69,1
DA:70,1
DA:72,1
DA:75,1
DA:77,4
DA:78,1
DA:80,1
DA:83,1
DA:85,1
DA:86,1
DA:87,1
DA:88,1
DA:89,1
DA:90,3
DA:91,1
DA:92,1
DA:93,3
DA:94,1
DA:95,1
DA:96,1
DA:97,1
DA:98,1
DA:99,2
DA:100,2
DA:101,2
DA:102,1
DA:104,3
DA:105,2
DA:111,2
DA:112,1
DA:113,1
DA:114,1
DA:115,3
DA:116,1
DA:117,1
DA:118,1
DA:119,1
DA:120,1
DA:121,1
DA:122,2
DA:124,2
DA:134,1
DA:135,4
DA:136,4
DA:137,4
DA:138,3
DA:139,1
DA:140,2
DA:142,1
DA:143,1
DA:144,2
DA:149,1
DA:150,4
DA:151,3
DA:152,3
DA:153,1
DA:154,1
DA:155,1
DA:156,1
DA:157,1
DA:158,1
DA:159,1
DA:165,1
DA:166,4
DA:167,1
DA:169,3
DA:170,3
DA:171,3
DA:172,3
DA:174,5
DA:175,1
DA:178,4
DA:179,5
DA:185,1
DA:186,1
DA:189,3
DA:190,3
DA:191,2
DA:192,2
DA:197,1
DA:199,1
DA:202,1
DA:203,1
DA:205,2
DA:206,1
DA:212,1
DA:213,4
DA:214,1
DA:215,2
DA:217,1
DA:218,2
DA:227,1
DA:228,4
DA:230,2
DA:234,3
DA:235,1
DA:236,1
DA:237,3
DA:243,1
DA:244,2
DA:245,1
DA:246,1
DA:255,1
DA:256,1
DA:258,3
DA:260,1
DA:261,1
DA:264,2
DA:267,1
DA:268,2
DA:269,1
DA:272,3
DA:274,2
DA:275,2
DA:280,3
DA:281,1
DA:287,3
DA:288,4
DA:296,1
DA:297,1
DA:298,2
DA:301,1
DA:302,1
DA:303,3
DA:305,2
DA:306,2
DA:309,1
DA:310,1
DA:311,3
DA:312,3
DA:313,3
DA:315,2
DA:321,2
DA:323,2
DA:324,1
DA:325,5
DA:329,4
DA:331,3
DA:332,1
DA:333,5
DA:336,3
DA:337,4
DA:342,2
DA:344,3
DA:347,1
DA:349,3
DA:350,2
DA:355,3
DA:356,2
DA:361,2
DA:362,1
DA:363,1
DA:364,2
DA:365,1
DA:366,1
DA:367,2
DA:370,4
DA:372,1
DA:374,2
DA:375,5
DA:376,4
DA:378,1
DA:380,1
DA:387,1
DA:388,2
DA:389,2
DA:391,4
DA:392,1
DA:393,4
DA:396,3
DA:397,1
DA:400,1
DA:403,3
DA:404,4
DA:413,1
DA:417,2
DA:420,1
DA:421,1
DA:422,2
DA:423,1
DA:424,4
DA:425,1
LF:191
LH:191
end_of_record
SF:lib/src/entities/panel/panel_config.dart
DA:5,3
DA:13,6
DA:68,8
DA:70,1
DA:71,1
DA:72,1
DA:73,1
DA:74,1
DA:75,1
DA:76,1
DA:77,1
LF:11
LH:11
end_of_record
SF:lib/src/sliding_panel.dart
DA:40,1
DA:69,1
DA:83,1
DA:84,2
DA:85,1
DA:88,1
DA:99,1
DA:100,1
DA:101,1
DA:102,1
DA:103,2
DA:104,1
DA:125,1
DA:140,1
DA:146,1
DA:157,1
DA:158,1
DA:159,1
DA:160,1
DA:161,1
DA:216,1
DA:218,1
DA:219,1
DA:220,1
DA:221,1
DA:223,1
DA:225,1
DA:227,1
DA:228,1
DA:229,1
DA:230,1
DA:235,1
DA:236,1
DA:237,1
DA:238,1
DA:239,1
DA:240,1
DA:241,1
DA:242,1
DA:243,1
DA:244,1
DA:245,1
DA:246,1
DA:247,1
DA:251,1
DA:252,1
DA:253,1
DA:254,1
DA:255,1
LF:49
LH:49
end_of_record
SF:lib/src/entities/panel/panel_controller.dart
DA:5,2
DA:7,2
DA:8,2
DA:18,6
DA:20,2
DA:21,2
DA:23,2
DA:25,2
DA:26,2
DA:29,2
DA:31,4
DA:32,6
DA:33,2
DA:38,2
DA:39,6
DA:40,2
DA:44,2
DA:45,6
DA:46,2
LF:19
LH:19
end_of_record
SF:lib/src/entities/refresher/refresher_config.dart
DA:5,2
DA:119,1
DA:120,1
DA:121,1
DA:122,1
DA:123,1
DA:124,1
DA:125,1
DA:126,1
DA:127,1
DA:128,1
DA:129,1
DA:130,1
DA:131,1
DA:132,1
LF:15
LH:15
end_of_record
